[2021-10-02 19:51:09] production.ERROR: No application encryption key has been specified. {"exception":"[object] (Illuminate\\Encryption\\MissingAppKeyException(code: 0): No application encryption key has been specified. at /home/assane/dev-doc/web-apps/framework/vendor/illuminate/encryption/EncryptionServiceProvider.php:101)
[stacktrace]
#0 /home/assane/dev-doc/web-apps/framework/vendor/illuminate/support/helpers.php(263): Illuminate\\Encryption\\EncryptionServiceProvider->Illuminate\\Encryption\\{closure}()
#1 /home/assane/dev-doc/web-apps/framework/vendor/illuminate/encryption/EncryptionServiceProvider.php(103): tap()
#2 /home/assane/dev-doc/web-apps/framework/vendor/illuminate/encryption/EncryptionServiceProvider.php(82): Illuminate\\Encryption\\EncryptionServiceProvider->key()
#3 /home/assane/dev-doc/web-apps/framework/vendor/illuminate/encryption/EncryptionServiceProvider.php(34): Illuminate\\Encryption\\EncryptionServiceProvider->parseKey()
#4 /home/assane/dev-doc/web-apps/framework/vendor/illuminate/container/Container.php(873): Illuminate\\Encryption\\EncryptionServiceProvider->Illuminate\\Encryption\\{closure}()
#5 /home/assane/dev-doc/web-apps/framework/vendor/illuminate/container/Container.php(758): Illuminate\\Container\\Container->build()
#6 /home/assane/dev-doc/web-apps/framework/vendor/illuminate/container/Container.php(694): Illuminate\\Container\\Container->resolve()
#7 /home/assane/dev-doc/web-apps/framework/vendor/illuminate/container/Container.php(1031): Illuminate\\Container\\Container->make()
#8 /home/assane/dev-doc/web-apps/framework/vendor/illuminate/container/Container.php(951): Illuminate\\Container\\Container->resolveClass()
#9 /home/assane/dev-doc/web-apps/framework/vendor/illuminate/container/Container.php(912): Illuminate\\Container\\Container->resolveDependencies()
#10 /home/assane/dev-doc/web-apps/framework/vendor/illuminate/container/Container.php(758): Illuminate\\Container\\Container->build()
#11 /home/assane/dev-doc/web-apps/framework/vendor/illuminate/container/Container.php(694): Illuminate\\Container\\Container->resolve()
#12 /home/assane/dev-doc/web-apps/framework/vendor/illuminate/pipeline/Pipeline.php(156): Illuminate\\Container\\Container->make()
#13 /home/assane/dev-doc/web-apps/framework/vendor/illuminate/view/Middleware/ShareErrorsFromSession.php(49): Illuminate\\Pipeline\\Pipeline->Illuminate\\Pipeline\\{closure}()
#14 /home/assane/dev-doc/web-apps/framework/vendor/illuminate/pipeline/Pipeline.php(167): Illuminate\\View\\Middleware\\ShareErrorsFromSession->handle()
#15 /home/assane/dev-doc/web-apps/framework/vendor/illuminate/session/Middleware/StartSession.php(121): Illuminate\\Pipeline\\Pipeline->Illuminate\\Pipeline\\{closure}()
#16 /home/assane/dev-doc/web-apps/framework/vendor/illuminate/session/Middleware/StartSession.php(64): Illuminate\\Session\\Middleware\\StartSession->handleStatefulRequest()
#17 /home/assane/dev-doc/web-apps/framework/vendor/illuminate/pipeline/Pipeline.php(167): Illuminate\\Session\\Middleware\\StartSession->handle()
#18 /home/assane/dev-doc/web-apps/framework/vendor/illuminate/pipeline/Pipeline.php(103): Illuminate\\Pipeline\\Pipeline->Illuminate\\Pipeline\\{closure}()
#19 /home/assane/dev-doc/web-apps/framework/vendor/illuminate/routing/Router.php(697): Illuminate\\Pipeline\\Pipeline->then()
#20 /home/assane/dev-doc/web-apps/framework/vendor/illuminate/routing/Router.php(672): Illuminate\\Routing\\Router->runRouteWithinStack()
#21 /home/assane/dev-doc/web-apps/framework/vendor/illuminate/routing/Router.php(636): Illuminate\\Routing\\Router->runRoute()
#22 /home/assane/dev-doc/web-apps/framework/vendor/illuminate/routing/Router.php(625): Illuminate\\Routing\\Router->dispatchToRoute()
#23 /home/assane/dev-doc/web-apps/bootstrap/src/Foundation/Http/Kernel.php(168): Illuminate\\Routing\\Router->dispatch()
#24 /home/assane/dev-doc/web-apps/framework/vendor/illuminate/pipeline/Pipeline.php(128): Boot\\Foundation\\Http\\Kernel->Boot\\Foundation\\Http\\{closure}()
#25 /home/assane/dev-doc/web-apps/bootstrap/src/Foundation/Http/Middleware/TransformsRequest.php(21): Illuminate\\Pipeline\\Pipeline->Illuminate\\Pipeline\\{closure}()
#26 /home/assane/dev-doc/web-apps/bootstrap/src/Foundation/Http/Middleware/ConvertEmptyStringsToNull.php(31): Boot\\Foundation\\Http\\Middleware\\TransformsRequest->handle()
#27 /home/assane/dev-doc/web-apps/framework/vendor/illuminate/pipeline/Pipeline.php(167): Boot\\Foundation\\Http\\Middleware\\ConvertEmptyStringsToNull->handle()
#28 /home/assane/dev-doc/web-apps/bootstrap/src/Foundation/Http/Middleware/TransformsRequest.php(21): Illuminate\\Pipeline\\Pipeline->Illuminate\\Pipeline\\{closure}()
#29 /home/assane/dev-doc/web-apps/bootstrap/src/Foundation/Http/Middleware/TrimStrings.php(40): Boot\\Foundation\\Http\\Middleware\\TransformsRequest->handle()
#30 /home/assane/dev-doc/web-apps/framework/vendor/illuminate/pipeline/Pipeline.php(167): Boot\\Foundation\\Http\\Middleware\\TrimStrings->handle()
#31 /home/assane/dev-doc/web-apps/bootstrap/src/Foundation/Http/Middleware/ValidatePostSize.php(27): Illuminate\\Pipeline\\Pipeline->Illuminate\\Pipeline\\{closure}()
#32 /home/assane/dev-doc/web-apps/framework/vendor/illuminate/pipeline/Pipeline.php(167): Boot\\Foundation\\Http\\Middleware\\ValidatePostSize->handle()
#33 /home/assane/dev-doc/web-apps/bootstrap/src/Foundation/Http/Middleware/PreventRequestsDuringMaintenance.php(86): Illuminate\\Pipeline\\Pipeline->Illuminate\\Pipeline\\{closure}()
#34 /home/assane/dev-doc/web-apps/framework/vendor/illuminate/pipeline/Pipeline.php(167): Boot\\Foundation\\Http\\Middleware\\PreventRequestsDuringMaintenance->handle()
#35 /home/assane/dev-doc/web-apps/framework/vendor/fruitcake/laravel-cors/src/HandleCors.php(38): Illuminate\\Pipeline\\Pipeline->Illuminate\\Pipeline\\{closure}()
#36 /home/assane/dev-doc/web-apps/framework/vendor/illuminate/pipeline/Pipeline.php(167): Fruitcake\\Cors\\HandleCors->handle()
#37 /home/assane/dev-doc/web-apps/framework/vendor/illuminate/http/Middleware/TrustProxies.php(39): Illuminate\\Pipeline\\Pipeline->Illuminate\\Pipeline\\{closure}()
#38 /home/assane/dev-doc/web-apps/framework/vendor/illuminate/pipeline/Pipeline.php(167): Illuminate\\Http\\Middleware\\TrustProxies->handle()
#39 /home/assane/dev-doc/web-apps/framework/vendor/illuminate/pipeline/Pipeline.php(103): Illuminate\\Pipeline\\Pipeline->Illuminate\\Pipeline\\{closure}()
#40 /home/assane/dev-doc/web-apps/bootstrap/src/Foundation/Http/Kernel.php(143): Illuminate\\Pipeline\\Pipeline->then()
#41 /home/assane/dev-doc/web-apps/bootstrap/src/Foundation/Http/Kernel.php(112): Boot\\Foundation\\Http\\Kernel->sendRequestThroughRouter()
#42 /home/assane/dev-doc/web-apps/framework/public/index.php(54): Boot\\Foundation\\Http\\Kernel->handle()
#43 {main}
"} 
[2021-10-02 19:51:09] production.ERROR: No application encryption key has been specified. {"exception":"[object] (Illuminate\\Encryption\\MissingAppKeyException(code: 0): No application encryption key has been specified. at /home/assane/dev-doc/web-apps/framework/vendor/illuminate/encryption/EncryptionServiceProvider.php:101)
[stacktrace]
#0 /home/assane/dev-doc/web-apps/framework/vendor/illuminate/support/helpers.php(263): Illuminate\\Encryption\\EncryptionServiceProvider->Illuminate\\Encryption\\{closure}()
#1 /home/assane/dev-doc/web-apps/framework/vendor/illuminate/encryption/EncryptionServiceProvider.php(103): tap()
#2 /home/assane/dev-doc/web-apps/framework/vendor/illuminate/encryption/EncryptionServiceProvider.php(82): Illuminate\\Encryption\\EncryptionServiceProvider->key()
#3 /home/assane/dev-doc/web-apps/framework/vendor/illuminate/encryption/EncryptionServiceProvider.php(34): Illuminate\\Encryption\\EncryptionServiceProvider->parseKey()
#4 /home/assane/dev-doc/web-apps/framework/vendor/illuminate/container/Container.php(873): Illuminate\\Encryption\\EncryptionServiceProvider->Illuminate\\Encryption\\{closure}()
#5 /home/assane/dev-doc/web-apps/framework/vendor/illuminate/container/Container.php(758): Illuminate\\Container\\Container->build()
#6 /home/assane/dev-doc/web-apps/framework/vendor/illuminate/container/Container.php(694): Illuminate\\Container\\Container->resolve()
#7 /home/assane/dev-doc/web-apps/framework/vendor/illuminate/container/Container.php(1031): Illuminate\\Container\\Container->make()
#8 /home/assane/dev-doc/web-apps/framework/vendor/illuminate/container/Container.php(951): Illuminate\\Container\\Container->resolveClass()
#9 /home/assane/dev-doc/web-apps/framework/vendor/illuminate/container/Container.php(912): Illuminate\\Container\\Container->resolveDependencies()
#10 /home/assane/dev-doc/web-apps/framework/vendor/illuminate/container/Container.php(758): Illuminate\\Container\\Container->build()
#11 /home/assane/dev-doc/web-apps/framework/vendor/illuminate/container/Container.php(694): Illuminate\\Container\\Container->resolve()
#12 /home/assane/dev-doc/web-apps/bootstrap/src/Foundation/Http/Kernel.php(207): Illuminate\\Container\\Container->make()
#13 /home/assane/dev-doc/web-apps/bootstrap/src/Foundation/Http/Kernel.php(181): Boot\\Foundation\\Http\\Kernel->terminateMiddleware()
#14 /home/assane/dev-doc/web-apps/framework/public/index.php(57): Boot\\Foundation\\Http\\Kernel->terminate()
#15 {main}
"} 
[2021-10-02 19:52:44] production.ERROR: No application encryption key has been specified. {"exception":"[object] (Illuminate\\Encryption\\MissingAppKeyException(code: 0): No application encryption key has been specified. at /home/assane/dev-doc/web-apps/framework/vendor/illuminate/encryption/EncryptionServiceProvider.php:101)
[stacktrace]
#0 /home/assane/dev-doc/web-apps/framework/vendor/illuminate/support/helpers.php(263): Illuminate\\Encryption\\EncryptionServiceProvider->Illuminate\\Encryption\\{closure}()
#1 /home/assane/dev-doc/web-apps/framework/vendor/illuminate/encryption/EncryptionServiceProvider.php(103): tap()
#2 /home/assane/dev-doc/web-apps/framework/vendor/illuminate/encryption/EncryptionServiceProvider.php(82): Illuminate\\Encryption\\EncryptionServiceProvider->key()
#3 /home/assane/dev-doc/web-apps/framework/vendor/illuminate/encryption/EncryptionServiceProvider.php(34): Illuminate\\Encryption\\EncryptionServiceProvider->parseKey()
#4 /home/assane/dev-doc/web-apps/framework/vendor/illuminate/container/Container.php(873): Illuminate\\Encryption\\EncryptionServiceProvider->Illuminate\\Encryption\\{closure}()
#5 /home/assane/dev-doc/web-apps/framework/vendor/illuminate/container/Container.php(758): Illuminate\\Container\\Container->build()
#6 /home/assane/dev-doc/web-apps/framework/vendor/illuminate/container/Container.php(694): Illuminate\\Container\\Container->resolve()
#7 /home/assane/dev-doc/web-apps/framework/vendor/illuminate/container/Container.php(1031): Illuminate\\Container\\Container->make()
#8 /home/assane/dev-doc/web-apps/framework/vendor/illuminate/container/Container.php(951): Illuminate\\Container\\Container->resolveClass()
#9 /home/assane/dev-doc/web-apps/framework/vendor/illuminate/container/Container.php(912): Illuminate\\Container\\Container->resolveDependencies()
#10 /home/assane/dev-doc/web-apps/framework/vendor/illuminate/container/Container.php(758): Illuminate\\Container\\Container->build()
#11 /home/assane/dev-doc/web-apps/framework/vendor/illuminate/container/Container.php(694): Illuminate\\Container\\Container->resolve()
#12 /home/assane/dev-doc/web-apps/framework/vendor/illuminate/pipeline/Pipeline.php(156): Illuminate\\Container\\Container->make()
#13 /home/assane/dev-doc/web-apps/framework/vendor/illuminate/view/Middleware/ShareErrorsFromSession.php(49): Illuminate\\Pipeline\\Pipeline->Illuminate\\Pipeline\\{closure}()
#14 /home/assane/dev-doc/web-apps/framework/vendor/illuminate/pipeline/Pipeline.php(167): Illuminate\\View\\Middleware\\ShareErrorsFromSession->handle()
#15 /home/assane/dev-doc/web-apps/framework/vendor/illuminate/session/Middleware/StartSession.php(121): Illuminate\\Pipeline\\Pipeline->Illuminate\\Pipeline\\{closure}()
#16 /home/assane/dev-doc/web-apps/framework/vendor/illuminate/session/Middleware/StartSession.php(64): Illuminate\\Session\\Middleware\\StartSession->handleStatefulRequest()
#17 /home/assane/dev-doc/web-apps/framework/vendor/illuminate/pipeline/Pipeline.php(167): Illuminate\\Session\\Middleware\\StartSession->handle()
#18 /home/assane/dev-doc/web-apps/framework/vendor/illuminate/pipeline/Pipeline.php(103): Illuminate\\Pipeline\\Pipeline->Illuminate\\Pipeline\\{closure}()
#19 /home/assane/dev-doc/web-apps/framework/vendor/illuminate/routing/Router.php(697): Illuminate\\Pipeline\\Pipeline->then()
#20 /home/assane/dev-doc/web-apps/framework/vendor/illuminate/routing/Router.php(672): Illuminate\\Routing\\Router->runRouteWithinStack()
#21 /home/assane/dev-doc/web-apps/framework/vendor/illuminate/routing/Router.php(636): Illuminate\\Routing\\Router->runRoute()
#22 /home/assane/dev-doc/web-apps/framework/vendor/illuminate/routing/Router.php(625): Illuminate\\Routing\\Router->dispatchToRoute()
#23 /home/assane/dev-doc/web-apps/bootstrap/src/Foundation/Http/Kernel.php(168): Illuminate\\Routing\\Router->dispatch()
#24 /home/assane/dev-doc/web-apps/framework/vendor/illuminate/pipeline/Pipeline.php(128): Boot\\Foundation\\Http\\Kernel->Boot\\Foundation\\Http\\{closure}()
#25 /home/assane/dev-doc/web-apps/bootstrap/src/Foundation/Http/Middleware/TransformsRequest.php(21): Illuminate\\Pipeline\\Pipeline->Illuminate\\Pipeline\\{closure}()
#26 /home/assane/dev-doc/web-apps/bootstrap/src/Foundation/Http/Middleware/ConvertEmptyStringsToNull.php(31): Boot\\Foundation\\Http\\Middleware\\TransformsRequest->handle()
#27 /home/assane/dev-doc/web-apps/framework/vendor/illuminate/pipeline/Pipeline.php(167): Boot\\Foundation\\Http\\Middleware\\ConvertEmptyStringsToNull->handle()
#28 /home/assane/dev-doc/web-apps/bootstrap/src/Foundation/Http/Middleware/TransformsRequest.php(21): Illuminate\\Pipeline\\Pipeline->Illuminate\\Pipeline\\{closure}()
#29 /home/assane/dev-doc/web-apps/bootstrap/src/Foundation/Http/Middleware/TrimStrings.php(40): Boot\\Foundation\\Http\\Middleware\\TransformsRequest->handle()
#30 /home/assane/dev-doc/web-apps/framework/vendor/illuminate/pipeline/Pipeline.php(167): Boot\\Foundation\\Http\\Middleware\\TrimStrings->handle()
#31 /home/assane/dev-doc/web-apps/bootstrap/src/Foundation/Http/Middleware/ValidatePostSize.php(27): Illuminate\\Pipeline\\Pipeline->Illuminate\\Pipeline\\{closure}()
#32 /home/assane/dev-doc/web-apps/framework/vendor/illuminate/pipeline/Pipeline.php(167): Boot\\Foundation\\Http\\Middleware\\ValidatePostSize->handle()
#33 /home/assane/dev-doc/web-apps/bootstrap/src/Foundation/Http/Middleware/PreventRequestsDuringMaintenance.php(86): Illuminate\\Pipeline\\Pipeline->Illuminate\\Pipeline\\{closure}()
#34 /home/assane/dev-doc/web-apps/framework/vendor/illuminate/pipeline/Pipeline.php(167): Boot\\Foundation\\Http\\Middleware\\PreventRequestsDuringMaintenance->handle()
#35 /home/assane/dev-doc/web-apps/framework/vendor/fruitcake/laravel-cors/src/HandleCors.php(38): Illuminate\\Pipeline\\Pipeline->Illuminate\\Pipeline\\{closure}()
#36 /home/assane/dev-doc/web-apps/framework/vendor/illuminate/pipeline/Pipeline.php(167): Fruitcake\\Cors\\HandleCors->handle()
#37 /home/assane/dev-doc/web-apps/framework/vendor/illuminate/http/Middleware/TrustProxies.php(39): Illuminate\\Pipeline\\Pipeline->Illuminate\\Pipeline\\{closure}()
#38 /home/assane/dev-doc/web-apps/framework/vendor/illuminate/pipeline/Pipeline.php(167): Illuminate\\Http\\Middleware\\TrustProxies->handle()
#39 /home/assane/dev-doc/web-apps/framework/vendor/illuminate/pipeline/Pipeline.php(103): Illuminate\\Pipeline\\Pipeline->Illuminate\\Pipeline\\{closure}()
#40 /home/assane/dev-doc/web-apps/bootstrap/src/Foundation/Http/Kernel.php(143): Illuminate\\Pipeline\\Pipeline->then()
#41 /home/assane/dev-doc/web-apps/bootstrap/src/Foundation/Http/Kernel.php(112): Boot\\Foundation\\Http\\Kernel->sendRequestThroughRouter()
#42 /home/assane/dev-doc/web-apps/framework/public/index.php(54): Boot\\Foundation\\Http\\Kernel->handle()
#43 {main}
"} 
[2021-10-02 19:52:44] production.ERROR: No application encryption key has been specified. {"exception":"[object] (Illuminate\\Encryption\\MissingAppKeyException(code: 0): No application encryption key has been specified. at /home/assane/dev-doc/web-apps/framework/vendor/illuminate/encryption/EncryptionServiceProvider.php:101)
[stacktrace]
#0 /home/assane/dev-doc/web-apps/framework/vendor/illuminate/support/helpers.php(263): Illuminate\\Encryption\\EncryptionServiceProvider->Illuminate\\Encryption\\{closure}()
#1 /home/assane/dev-doc/web-apps/framework/vendor/illuminate/encryption/EncryptionServiceProvider.php(103): tap()
#2 /home/assane/dev-doc/web-apps/framework/vendor/illuminate/encryption/EncryptionServiceProvider.php(82): Illuminate\\Encryption\\EncryptionServiceProvider->key()
#3 /home/assane/dev-doc/web-apps/framework/vendor/illuminate/encryption/EncryptionServiceProvider.php(34): Illuminate\\Encryption\\EncryptionServiceProvider->parseKey()
#4 /home/assane/dev-doc/web-apps/framework/vendor/illuminate/container/Container.php(873): Illuminate\\Encryption\\EncryptionServiceProvider->Illuminate\\Encryption\\{closure}()
#5 /home/assane/dev-doc/web-apps/framework/vendor/illuminate/container/Container.php(758): Illuminate\\Container\\Container->build()
#6 /home/assane/dev-doc/web-apps/framework/vendor/illuminate/container/Container.php(694): Illuminate\\Container\\Container->resolve()
#7 /home/assane/dev-doc/web-apps/framework/vendor/illuminate/container/Container.php(1031): Illuminate\\Container\\Container->make()
#8 /home/assane/dev-doc/web-apps/framework/vendor/illuminate/container/Container.php(951): Illuminate\\Container\\Container->resolveClass()
#9 /home/assane/dev-doc/web-apps/framework/vendor/illuminate/container/Container.php(912): Illuminate\\Container\\Container->resolveDependencies()
#10 /home/assane/dev-doc/web-apps/framework/vendor/illuminate/container/Container.php(758): Illuminate\\Container\\Container->build()
#11 /home/assane/dev-doc/web-apps/framework/vendor/illuminate/container/Container.php(694): Illuminate\\Container\\Container->resolve()
#12 /home/assane/dev-doc/web-apps/bootstrap/src/Foundation/Http/Kernel.php(207): Illuminate\\Container\\Container->make()
#13 /home/assane/dev-doc/web-apps/bootstrap/src/Foundation/Http/Kernel.php(181): Boot\\Foundation\\Http\\Kernel->terminateMiddleware()
#14 /home/assane/dev-doc/web-apps/framework/public/index.php(57): Boot\\Foundation\\Http\\Kernel->terminate()
#15 {main}
"} 
[2021-10-02 19:53:04] production.ERROR: No application encryption key has been specified. {"exception":"[object] (Illuminate\\Encryption\\MissingAppKeyException(code: 0): No application encryption key has been specified. at /home/assane/dev-doc/web-apps/framework/vendor/illuminate/encryption/EncryptionServiceProvider.php:101)
[stacktrace]
#0 /home/assane/dev-doc/web-apps/framework/vendor/illuminate/support/helpers.php(263): Illuminate\\Encryption\\EncryptionServiceProvider->Illuminate\\Encryption\\{closure}()
#1 /home/assane/dev-doc/web-apps/framework/vendor/illuminate/encryption/EncryptionServiceProvider.php(103): tap()
#2 /home/assane/dev-doc/web-apps/framework/vendor/illuminate/encryption/EncryptionServiceProvider.php(82): Illuminate\\Encryption\\EncryptionServiceProvider->key()
#3 /home/assane/dev-doc/web-apps/framework/vendor/illuminate/encryption/EncryptionServiceProvider.php(34): Illuminate\\Encryption\\EncryptionServiceProvider->parseKey()
#4 /home/assane/dev-doc/web-apps/framework/vendor/illuminate/container/Container.php(873): Illuminate\\Encryption\\EncryptionServiceProvider->Illuminate\\Encryption\\{closure}()
#5 /home/assane/dev-doc/web-apps/framework/vendor/illuminate/container/Container.php(758): Illuminate\\Container\\Container->build()
#6 /home/assane/dev-doc/web-apps/framework/vendor/illuminate/container/Container.php(694): Illuminate\\Container\\Container->resolve()
#7 /home/assane/dev-doc/web-apps/framework/vendor/illuminate/container/Container.php(1031): Illuminate\\Container\\Container->make()
#8 /home/assane/dev-doc/web-apps/framework/vendor/illuminate/container/Container.php(951): Illuminate\\Container\\Container->resolveClass()
#9 /home/assane/dev-doc/web-apps/framework/vendor/illuminate/container/Container.php(912): Illuminate\\Container\\Container->resolveDependencies()
#10 /home/assane/dev-doc/web-apps/framework/vendor/illuminate/container/Container.php(758): Illuminate\\Container\\Container->build()
#11 /home/assane/dev-doc/web-apps/framework/vendor/illuminate/container/Container.php(694): Illuminate\\Container\\Container->resolve()
#12 /home/assane/dev-doc/web-apps/framework/vendor/illuminate/pipeline/Pipeline.php(156): Illuminate\\Container\\Container->make()
#13 /home/assane/dev-doc/web-apps/framework/vendor/illuminate/view/Middleware/ShareErrorsFromSession.php(49): Illuminate\\Pipeline\\Pipeline->Illuminate\\Pipeline\\{closure}()
#14 /home/assane/dev-doc/web-apps/framework/vendor/illuminate/pipeline/Pipeline.php(167): Illuminate\\View\\Middleware\\ShareErrorsFromSession->handle()
#15 /home/assane/dev-doc/web-apps/framework/vendor/illuminate/session/Middleware/StartSession.php(121): Illuminate\\Pipeline\\Pipeline->Illuminate\\Pipeline\\{closure}()
#16 /home/assane/dev-doc/web-apps/framework/vendor/illuminate/session/Middleware/StartSession.php(64): Illuminate\\Session\\Middleware\\StartSession->handleStatefulRequest()
#17 /home/assane/dev-doc/web-apps/framework/vendor/illuminate/pipeline/Pipeline.php(167): Illuminate\\Session\\Middleware\\StartSession->handle()
#18 /home/assane/dev-doc/web-apps/framework/vendor/illuminate/pipeline/Pipeline.php(103): Illuminate\\Pipeline\\Pipeline->Illuminate\\Pipeline\\{closure}()
#19 /home/assane/dev-doc/web-apps/framework/vendor/illuminate/routing/Router.php(697): Illuminate\\Pipeline\\Pipeline->then()
#20 /home/assane/dev-doc/web-apps/framework/vendor/illuminate/routing/Router.php(672): Illuminate\\Routing\\Router->runRouteWithinStack()
#21 /home/assane/dev-doc/web-apps/framework/vendor/illuminate/routing/Router.php(636): Illuminate\\Routing\\Router->runRoute()
#22 /home/assane/dev-doc/web-apps/framework/vendor/illuminate/routing/Router.php(625): Illuminate\\Routing\\Router->dispatchToRoute()
#23 /home/assane/dev-doc/web-apps/bootstrap/src/Foundation/Http/Kernel.php(168): Illuminate\\Routing\\Router->dispatch()
#24 /home/assane/dev-doc/web-apps/framework/vendor/illuminate/pipeline/Pipeline.php(128): Boot\\Foundation\\Http\\Kernel->Boot\\Foundation\\Http\\{closure}()
#25 /home/assane/dev-doc/web-apps/bootstrap/src/Foundation/Http/Middleware/TransformsRequest.php(21): Illuminate\\Pipeline\\Pipeline->Illuminate\\Pipeline\\{closure}()
#26 /home/assane/dev-doc/web-apps/bootstrap/src/Foundation/Http/Middleware/ConvertEmptyStringsToNull.php(31): Boot\\Foundation\\Http\\Middleware\\TransformsRequest->handle()
#27 /home/assane/dev-doc/web-apps/framework/vendor/illuminate/pipeline/Pipeline.php(167): Boot\\Foundation\\Http\\Middleware\\ConvertEmptyStringsToNull->handle()
#28 /home/assane/dev-doc/web-apps/bootstrap/src/Foundation/Http/Middleware/TransformsRequest.php(21): Illuminate\\Pipeline\\Pipeline->Illuminate\\Pipeline\\{closure}()
#29 /home/assane/dev-doc/web-apps/bootstrap/src/Foundation/Http/Middleware/TrimStrings.php(40): Boot\\Foundation\\Http\\Middleware\\TransformsRequest->handle()
#30 /home/assane/dev-doc/web-apps/framework/vendor/illuminate/pipeline/Pipeline.php(167): Boot\\Foundation\\Http\\Middleware\\TrimStrings->handle()
#31 /home/assane/dev-doc/web-apps/bootstrap/src/Foundation/Http/Middleware/ValidatePostSize.php(27): Illuminate\\Pipeline\\Pipeline->Illuminate\\Pipeline\\{closure}()
#32 /home/assane/dev-doc/web-apps/framework/vendor/illuminate/pipeline/Pipeline.php(167): Boot\\Foundation\\Http\\Middleware\\ValidatePostSize->handle()
#33 /home/assane/dev-doc/web-apps/bootstrap/src/Foundation/Http/Middleware/PreventRequestsDuringMaintenance.php(86): Illuminate\\Pipeline\\Pipeline->Illuminate\\Pipeline\\{closure}()
#34 /home/assane/dev-doc/web-apps/framework/vendor/illuminate/pipeline/Pipeline.php(167): Boot\\Foundation\\Http\\Middleware\\PreventRequestsDuringMaintenance->handle()
#35 /home/assane/dev-doc/web-apps/framework/vendor/fruitcake/laravel-cors/src/HandleCors.php(38): Illuminate\\Pipeline\\Pipeline->Illuminate\\Pipeline\\{closure}()
#36 /home/assane/dev-doc/web-apps/framework/vendor/illuminate/pipeline/Pipeline.php(167): Fruitcake\\Cors\\HandleCors->handle()
#37 /home/assane/dev-doc/web-apps/framework/vendor/illuminate/http/Middleware/TrustProxies.php(39): Illuminate\\Pipeline\\Pipeline->Illuminate\\Pipeline\\{closure}()
#38 /home/assane/dev-doc/web-apps/framework/vendor/illuminate/pipeline/Pipeline.php(167): Illuminate\\Http\\Middleware\\TrustProxies->handle()
#39 /home/assane/dev-doc/web-apps/framework/vendor/illuminate/pipeline/Pipeline.php(103): Illuminate\\Pipeline\\Pipeline->Illuminate\\Pipeline\\{closure}()
#40 /home/assane/dev-doc/web-apps/bootstrap/src/Foundation/Http/Kernel.php(143): Illuminate\\Pipeline\\Pipeline->then()
#41 /home/assane/dev-doc/web-apps/bootstrap/src/Foundation/Http/Kernel.php(112): Boot\\Foundation\\Http\\Kernel->sendRequestThroughRouter()
#42 /home/assane/dev-doc/web-apps/framework/public/index.php(54): Boot\\Foundation\\Http\\Kernel->handle()
#43 {main}
"} 
[2021-10-02 19:53:04] production.ERROR: No application encryption key has been specified. {"exception":"[object] (Illuminate\\Encryption\\MissingAppKeyException(code: 0): No application encryption key has been specified. at /home/assane/dev-doc/web-apps/framework/vendor/illuminate/encryption/EncryptionServiceProvider.php:101)
[stacktrace]
#0 /home/assane/dev-doc/web-apps/framework/vendor/illuminate/support/helpers.php(263): Illuminate\\Encryption\\EncryptionServiceProvider->Illuminate\\Encryption\\{closure}()
#1 /home/assane/dev-doc/web-apps/framework/vendor/illuminate/encryption/EncryptionServiceProvider.php(103): tap()
#2 /home/assane/dev-doc/web-apps/framework/vendor/illuminate/encryption/EncryptionServiceProvider.php(82): Illuminate\\Encryption\\EncryptionServiceProvider->key()
#3 /home/assane/dev-doc/web-apps/framework/vendor/illuminate/encryption/EncryptionServiceProvider.php(34): Illuminate\\Encryption\\EncryptionServiceProvider->parseKey()
#4 /home/assane/dev-doc/web-apps/framework/vendor/illuminate/container/Container.php(873): Illuminate\\Encryption\\EncryptionServiceProvider->Illuminate\\Encryption\\{closure}()
#5 /home/assane/dev-doc/web-apps/framework/vendor/illuminate/container/Container.php(758): Illuminate\\Container\\Container->build()
#6 /home/assane/dev-doc/web-apps/framework/vendor/illuminate/container/Container.php(694): Illuminate\\Container\\Container->resolve()
#7 /home/assane/dev-doc/web-apps/framework/vendor/illuminate/container/Container.php(1031): Illuminate\\Container\\Container->make()
#8 /home/assane/dev-doc/web-apps/framework/vendor/illuminate/container/Container.php(951): Illuminate\\Container\\Container->resolveClass()
#9 /home/assane/dev-doc/web-apps/framework/vendor/illuminate/container/Container.php(912): Illuminate\\Container\\Container->resolveDependencies()
#10 /home/assane/dev-doc/web-apps/framework/vendor/illuminate/container/Container.php(758): Illuminate\\Container\\Container->build()
#11 /home/assane/dev-doc/web-apps/framework/vendor/illuminate/container/Container.php(694): Illuminate\\Container\\Container->resolve()
#12 /home/assane/dev-doc/web-apps/bootstrap/src/Foundation/Http/Kernel.php(207): Illuminate\\Container\\Container->make()
#13 /home/assane/dev-doc/web-apps/bootstrap/src/Foundation/Http/Kernel.php(181): Boot\\Foundation\\Http\\Kernel->terminateMiddleware()
#14 /home/assane/dev-doc/web-apps/framework/public/index.php(57): Boot\\Foundation\\Http\\Kernel->terminate()
#15 {main}
"} 
[2021-10-02 20:42:22] local.ERROR: Target class [throttle] does not exist. {"exception":"[object] (Illuminate\\Contracts\\Container\\BindingResolutionException(code: 0): Target class [throttle] does not exist. at /home/assane/dev-doc/web-apps/framework/vendor/illuminate/container/Container.php:879)
[stacktrace]
#0 /home/assane/dev-doc/web-apps/framework/vendor/illuminate/container/Container.php(758): Illuminate\\Container\\Container->build()
#1 /home/assane/dev-doc/web-apps/framework/vendor/illuminate/container/Container.php(694): Illuminate\\Container\\Container->resolve()
#2 /home/assane/dev-doc/web-apps/framework/vendor/illuminate/pipeline/Pipeline.php(156): Illuminate\\Container\\Container->make()
#3 /home/assane/dev-doc/web-apps/framework/vendor/illuminate/pipeline/Pipeline.php(103): Illuminate\\Pipeline\\Pipeline->Illuminate\\Pipeline\\{closure}()
#4 /home/assane/dev-doc/web-apps/framework/vendor/illuminate/routing/Router.php(697): Illuminate\\Pipeline\\Pipeline->then()
#5 /home/assane/dev-doc/web-apps/framework/vendor/illuminate/routing/Router.php(672): Illuminate\\Routing\\Router->runRouteWithinStack()
#6 /home/assane/dev-doc/web-apps/framework/vendor/illuminate/routing/Router.php(636): Illuminate\\Routing\\Router->runRoute()
#7 /home/assane/dev-doc/web-apps/framework/vendor/illuminate/routing/Router.php(625): Illuminate\\Routing\\Router->dispatchToRoute()
#8 /home/assane/dev-doc/web-apps/bootstrap/src/Foundation/Http/Kernel.php(168): Illuminate\\Routing\\Router->dispatch()
#9 /home/assane/dev-doc/web-apps/framework/vendor/illuminate/pipeline/Pipeline.php(128): Boot\\Foundation\\Http\\Kernel->Boot\\Foundation\\Http\\{closure}()
#10 /home/assane/dev-doc/web-apps/bootstrap/src/Foundation/Http/Middleware/TransformsRequest.php(21): Illuminate\\Pipeline\\Pipeline->Illuminate\\Pipeline\\{closure}()
#11 /home/assane/dev-doc/web-apps/bootstrap/src/Foundation/Http/Middleware/ConvertEmptyStringsToNull.php(31): Boot\\Foundation\\Http\\Middleware\\TransformsRequest->handle()
#12 /home/assane/dev-doc/web-apps/framework/vendor/illuminate/pipeline/Pipeline.php(167): Boot\\Foundation\\Http\\Middleware\\ConvertEmptyStringsToNull->handle()
#13 /home/assane/dev-doc/web-apps/bootstrap/src/Foundation/Http/Middleware/TransformsRequest.php(21): Illuminate\\Pipeline\\Pipeline->Illuminate\\Pipeline\\{closure}()
#14 /home/assane/dev-doc/web-apps/bootstrap/src/Foundation/Http/Middleware/TrimStrings.php(40): Boot\\Foundation\\Http\\Middleware\\TransformsRequest->handle()
#15 /home/assane/dev-doc/web-apps/framework/vendor/illuminate/pipeline/Pipeline.php(167): Boot\\Foundation\\Http\\Middleware\\TrimStrings->handle()
#16 /home/assane/dev-doc/web-apps/bootstrap/src/Foundation/Http/Middleware/ValidatePostSize.php(27): Illuminate\\Pipeline\\Pipeline->Illuminate\\Pipeline\\{closure}()
#17 /home/assane/dev-doc/web-apps/framework/vendor/illuminate/pipeline/Pipeline.php(167): Boot\\Foundation\\Http\\Middleware\\ValidatePostSize->handle()
#18 /home/assane/dev-doc/web-apps/bootstrap/src/Foundation/Http/Middleware/PreventRequestsDuringMaintenance.php(86): Illuminate\\Pipeline\\Pipeline->Illuminate\\Pipeline\\{closure}()
#19 /home/assane/dev-doc/web-apps/framework/vendor/illuminate/pipeline/Pipeline.php(167): Boot\\Foundation\\Http\\Middleware\\PreventRequestsDuringMaintenance->handle()
#20 /home/assane/dev-doc/web-apps/framework/vendor/fruitcake/laravel-cors/src/HandleCors.php(38): Illuminate\\Pipeline\\Pipeline->Illuminate\\Pipeline\\{closure}()
#21 /home/assane/dev-doc/web-apps/framework/vendor/illuminate/pipeline/Pipeline.php(167): Fruitcake\\Cors\\HandleCors->handle()
#22 /home/assane/dev-doc/web-apps/framework/vendor/illuminate/http/Middleware/TrustProxies.php(39): Illuminate\\Pipeline\\Pipeline->Illuminate\\Pipeline\\{closure}()
#23 /home/assane/dev-doc/web-apps/framework/vendor/illuminate/pipeline/Pipeline.php(167): Illuminate\\Http\\Middleware\\TrustProxies->handle()
#24 /home/assane/dev-doc/web-apps/framework/vendor/illuminate/pipeline/Pipeline.php(103): Illuminate\\Pipeline\\Pipeline->Illuminate\\Pipeline\\{closure}()
#25 /home/assane/dev-doc/web-apps/bootstrap/src/Foundation/Http/Kernel.php(143): Illuminate\\Pipeline\\Pipeline->then()
#26 /home/assane/dev-doc/web-apps/bootstrap/src/Foundation/Http/Kernel.php(112): Boot\\Foundation\\Http\\Kernel->sendRequestThroughRouter()
#27 /home/assane/dev-doc/web-apps/framework/public/index.php(54): Boot\\Foundation\\Http\\Kernel->handle()
#28 {main}

[previous exception] [object] (ReflectionException(code: -1): Class throttle does not exist at /home/assane/dev-doc/web-apps/framework/vendor/illuminate/container/Container.php:877)
[stacktrace]
#0 /home/assane/dev-doc/web-apps/framework/vendor/illuminate/container/Container.php(877): ReflectionClass->__construct()
#1 /home/assane/dev-doc/web-apps/framework/vendor/illuminate/container/Container.php(758): Illuminate\\Container\\Container->build()
#2 /home/assane/dev-doc/web-apps/framework/vendor/illuminate/container/Container.php(694): Illuminate\\Container\\Container->resolve()
#3 /home/assane/dev-doc/web-apps/framework/vendor/illuminate/pipeline/Pipeline.php(156): Illuminate\\Container\\Container->make()
#4 /home/assane/dev-doc/web-apps/framework/vendor/illuminate/pipeline/Pipeline.php(103): Illuminate\\Pipeline\\Pipeline->Illuminate\\Pipeline\\{closure}()
#5 /home/assane/dev-doc/web-apps/framework/vendor/illuminate/routing/Router.php(697): Illuminate\\Pipeline\\Pipeline->then()
#6 /home/assane/dev-doc/web-apps/framework/vendor/illuminate/routing/Router.php(672): Illuminate\\Routing\\Router->runRouteWithinStack()
#7 /home/assane/dev-doc/web-apps/framework/vendor/illuminate/routing/Router.php(636): Illuminate\\Routing\\Router->runRoute()
#8 /home/assane/dev-doc/web-apps/framework/vendor/illuminate/routing/Router.php(625): Illuminate\\Routing\\Router->dispatchToRoute()
#9 /home/assane/dev-doc/web-apps/bootstrap/src/Foundation/Http/Kernel.php(168): Illuminate\\Routing\\Router->dispatch()
#10 /home/assane/dev-doc/web-apps/framework/vendor/illuminate/pipeline/Pipeline.php(128): Boot\\Foundation\\Http\\Kernel->Boot\\Foundation\\Http\\{closure}()
#11 /home/assane/dev-doc/web-apps/bootstrap/src/Foundation/Http/Middleware/TransformsRequest.php(21): Illuminate\\Pipeline\\Pipeline->Illuminate\\Pipeline\\{closure}()
#12 /home/assane/dev-doc/web-apps/bootstrap/src/Foundation/Http/Middleware/ConvertEmptyStringsToNull.php(31): Boot\\Foundation\\Http\\Middleware\\TransformsRequest->handle()
#13 /home/assane/dev-doc/web-apps/framework/vendor/illuminate/pipeline/Pipeline.php(167): Boot\\Foundation\\Http\\Middleware\\ConvertEmptyStringsToNull->handle()
#14 /home/assane/dev-doc/web-apps/bootstrap/src/Foundation/Http/Middleware/TransformsRequest.php(21): Illuminate\\Pipeline\\Pipeline->Illuminate\\Pipeline\\{closure}()
#15 /home/assane/dev-doc/web-apps/bootstrap/src/Foundation/Http/Middleware/TrimStrings.php(40): Boot\\Foundation\\Http\\Middleware\\TransformsRequest->handle()
#16 /home/assane/dev-doc/web-apps/framework/vendor/illuminate/pipeline/Pipeline.php(167): Boot\\Foundation\\Http\\Middleware\\TrimStrings->handle()
#17 /home/assane/dev-doc/web-apps/bootstrap/src/Foundation/Http/Middleware/ValidatePostSize.php(27): Illuminate\\Pipeline\\Pipeline->Illuminate\\Pipeline\\{closure}()
#18 /home/assane/dev-doc/web-apps/framework/vendor/illuminate/pipeline/Pipeline.php(167): Boot\\Foundation\\Http\\Middleware\\ValidatePostSize->handle()
#19 /home/assane/dev-doc/web-apps/bootstrap/src/Foundation/Http/Middleware/PreventRequestsDuringMaintenance.php(86): Illuminate\\Pipeline\\Pipeline->Illuminate\\Pipeline\\{closure}()
#20 /home/assane/dev-doc/web-apps/framework/vendor/illuminate/pipeline/Pipeline.php(167): Boot\\Foundation\\Http\\Middleware\\PreventRequestsDuringMaintenance->handle()
#21 /home/assane/dev-doc/web-apps/framework/vendor/fruitcake/laravel-cors/src/HandleCors.php(38): Illuminate\\Pipeline\\Pipeline->Illuminate\\Pipeline\\{closure}()
#22 /home/assane/dev-doc/web-apps/framework/vendor/illuminate/pipeline/Pipeline.php(167): Fruitcake\\Cors\\HandleCors->handle()
#23 /home/assane/dev-doc/web-apps/framework/vendor/illuminate/http/Middleware/TrustProxies.php(39): Illuminate\\Pipeline\\Pipeline->Illuminate\\Pipeline\\{closure}()
#24 /home/assane/dev-doc/web-apps/framework/vendor/illuminate/pipeline/Pipeline.php(167): Illuminate\\Http\\Middleware\\TrustProxies->handle()
#25 /home/assane/dev-doc/web-apps/framework/vendor/illuminate/pipeline/Pipeline.php(103): Illuminate\\Pipeline\\Pipeline->Illuminate\\Pipeline\\{closure}()
#26 /home/assane/dev-doc/web-apps/bootstrap/src/Foundation/Http/Kernel.php(143): Illuminate\\Pipeline\\Pipeline->then()
#27 /home/assane/dev-doc/web-apps/bootstrap/src/Foundation/Http/Kernel.php(112): Boot\\Foundation\\Http\\Kernel->sendRequestThroughRouter()
#28 /home/assane/dev-doc/web-apps/framework/public/index.php(54): Boot\\Foundation\\Http\\Kernel->handle()
#29 {main}
"} 
[2021-10-02 20:42:22] local.ERROR: Target class [throttle] does not exist. {"exception":"[object] (Illuminate\\Contracts\\Container\\BindingResolutionException(code: 0): Target class [throttle] does not exist. at /home/assane/dev-doc/web-apps/framework/vendor/illuminate/container/Container.php:879)
[stacktrace]
#0 /home/assane/dev-doc/web-apps/framework/vendor/illuminate/container/Container.php(758): Illuminate\\Container\\Container->build()
#1 /home/assane/dev-doc/web-apps/framework/vendor/illuminate/container/Container.php(694): Illuminate\\Container\\Container->resolve()
#2 /home/assane/dev-doc/web-apps/bootstrap/src/Foundation/Http/Kernel.php(207): Illuminate\\Container\\Container->make()
#3 /home/assane/dev-doc/web-apps/bootstrap/src/Foundation/Http/Kernel.php(181): Boot\\Foundation\\Http\\Kernel->terminateMiddleware()
#4 /home/assane/dev-doc/web-apps/framework/public/index.php(57): Boot\\Foundation\\Http\\Kernel->terminate()
#5 {main}

[previous exception] [object] (ReflectionException(code: -1): Class throttle does not exist at /home/assane/dev-doc/web-apps/framework/vendor/illuminate/container/Container.php:877)
[stacktrace]
#0 /home/assane/dev-doc/web-apps/framework/vendor/illuminate/container/Container.php(877): ReflectionClass->__construct()
#1 /home/assane/dev-doc/web-apps/framework/vendor/illuminate/container/Container.php(758): Illuminate\\Container\\Container->build()
#2 /home/assane/dev-doc/web-apps/framework/vendor/illuminate/container/Container.php(694): Illuminate\\Container\\Container->resolve()
#3 /home/assane/dev-doc/web-apps/bootstrap/src/Foundation/Http/Kernel.php(207): Illuminate\\Container\\Container->make()
#4 /home/assane/dev-doc/web-apps/bootstrap/src/Foundation/Http/Kernel.php(181): Boot\\Foundation\\Http\\Kernel->terminateMiddleware()
#5 /home/assane/dev-doc/web-apps/framework/public/index.php(57): Boot\\Foundation\\Http\\Kernel->terminate()
#6 {main}
"} 
[2021-10-02 20:42:23] local.ERROR: Target class [throttle] does not exist. {"exception":"[object] (Illuminate\\Contracts\\Container\\BindingResolutionException(code: 0): Target class [throttle] does not exist. at /home/assane/dev-doc/web-apps/framework/vendor/illuminate/container/Container.php:879)
[stacktrace]
#0 /home/assane/dev-doc/web-apps/framework/vendor/illuminate/container/Container.php(758): Illuminate\\Container\\Container->build()
#1 /home/assane/dev-doc/web-apps/framework/vendor/illuminate/container/Container.php(694): Illuminate\\Container\\Container->resolve()
#2 /home/assane/dev-doc/web-apps/framework/vendor/illuminate/pipeline/Pipeline.php(156): Illuminate\\Container\\Container->make()
#3 /home/assane/dev-doc/web-apps/framework/vendor/illuminate/pipeline/Pipeline.php(103): Illuminate\\Pipeline\\Pipeline->Illuminate\\Pipeline\\{closure}()
#4 /home/assane/dev-doc/web-apps/framework/vendor/illuminate/routing/Router.php(697): Illuminate\\Pipeline\\Pipeline->then()
#5 /home/assane/dev-doc/web-apps/framework/vendor/illuminate/routing/Router.php(672): Illuminate\\Routing\\Router->runRouteWithinStack()
#6 /home/assane/dev-doc/web-apps/framework/vendor/illuminate/routing/Router.php(636): Illuminate\\Routing\\Router->runRoute()
#7 /home/assane/dev-doc/web-apps/framework/vendor/illuminate/routing/Router.php(625): Illuminate\\Routing\\Router->dispatchToRoute()
#8 /home/assane/dev-doc/web-apps/bootstrap/src/Foundation/Http/Kernel.php(168): Illuminate\\Routing\\Router->dispatch()
#9 /home/assane/dev-doc/web-apps/framework/vendor/illuminate/pipeline/Pipeline.php(128): Boot\\Foundation\\Http\\Kernel->Boot\\Foundation\\Http\\{closure}()
#10 /home/assane/dev-doc/web-apps/bootstrap/src/Foundation/Http/Middleware/TransformsRequest.php(21): Illuminate\\Pipeline\\Pipeline->Illuminate\\Pipeline\\{closure}()
#11 /home/assane/dev-doc/web-apps/bootstrap/src/Foundation/Http/Middleware/ConvertEmptyStringsToNull.php(31): Boot\\Foundation\\Http\\Middleware\\TransformsRequest->handle()
#12 /home/assane/dev-doc/web-apps/framework/vendor/illuminate/pipeline/Pipeline.php(167): Boot\\Foundation\\Http\\Middleware\\ConvertEmptyStringsToNull->handle()
#13 /home/assane/dev-doc/web-apps/bootstrap/src/Foundation/Http/Middleware/TransformsRequest.php(21): Illuminate\\Pipeline\\Pipeline->Illuminate\\Pipeline\\{closure}()
#14 /home/assane/dev-doc/web-apps/bootstrap/src/Foundation/Http/Middleware/TrimStrings.php(40): Boot\\Foundation\\Http\\Middleware\\TransformsRequest->handle()
#15 /home/assane/dev-doc/web-apps/framework/vendor/illuminate/pipeline/Pipeline.php(167): Boot\\Foundation\\Http\\Middleware\\TrimStrings->handle()
#16 /home/assane/dev-doc/web-apps/bootstrap/src/Foundation/Http/Middleware/ValidatePostSize.php(27): Illuminate\\Pipeline\\Pipeline->Illuminate\\Pipeline\\{closure}()
#17 /home/assane/dev-doc/web-apps/framework/vendor/illuminate/pipeline/Pipeline.php(167): Boot\\Foundation\\Http\\Middleware\\ValidatePostSize->handle()
#18 /home/assane/dev-doc/web-apps/bootstrap/src/Foundation/Http/Middleware/PreventRequestsDuringMaintenance.php(86): Illuminate\\Pipeline\\Pipeline->Illuminate\\Pipeline\\{closure}()
#19 /home/assane/dev-doc/web-apps/framework/vendor/illuminate/pipeline/Pipeline.php(167): Boot\\Foundation\\Http\\Middleware\\PreventRequestsDuringMaintenance->handle()
#20 /home/assane/dev-doc/web-apps/framework/vendor/fruitcake/laravel-cors/src/HandleCors.php(38): Illuminate\\Pipeline\\Pipeline->Illuminate\\Pipeline\\{closure}()
#21 /home/assane/dev-doc/web-apps/framework/vendor/illuminate/pipeline/Pipeline.php(167): Fruitcake\\Cors\\HandleCors->handle()
#22 /home/assane/dev-doc/web-apps/framework/vendor/illuminate/http/Middleware/TrustProxies.php(39): Illuminate\\Pipeline\\Pipeline->Illuminate\\Pipeline\\{closure}()
#23 /home/assane/dev-doc/web-apps/framework/vendor/illuminate/pipeline/Pipeline.php(167): Illuminate\\Http\\Middleware\\TrustProxies->handle()
#24 /home/assane/dev-doc/web-apps/framework/vendor/illuminate/pipeline/Pipeline.php(103): Illuminate\\Pipeline\\Pipeline->Illuminate\\Pipeline\\{closure}()
#25 /home/assane/dev-doc/web-apps/bootstrap/src/Foundation/Http/Kernel.php(143): Illuminate\\Pipeline\\Pipeline->then()
#26 /home/assane/dev-doc/web-apps/bootstrap/src/Foundation/Http/Kernel.php(112): Boot\\Foundation\\Http\\Kernel->sendRequestThroughRouter()
#27 /home/assane/dev-doc/web-apps/framework/public/index.php(54): Boot\\Foundation\\Http\\Kernel->handle()
#28 {main}

[previous exception] [object] (ReflectionException(code: -1): Class throttle does not exist at /home/assane/dev-doc/web-apps/framework/vendor/illuminate/container/Container.php:877)
[stacktrace]
#0 /home/assane/dev-doc/web-apps/framework/vendor/illuminate/container/Container.php(877): ReflectionClass->__construct()
#1 /home/assane/dev-doc/web-apps/framework/vendor/illuminate/container/Container.php(758): Illuminate\\Container\\Container->build()
#2 /home/assane/dev-doc/web-apps/framework/vendor/illuminate/container/Container.php(694): Illuminate\\Container\\Container->resolve()
#3 /home/assane/dev-doc/web-apps/framework/vendor/illuminate/pipeline/Pipeline.php(156): Illuminate\\Container\\Container->make()
#4 /home/assane/dev-doc/web-apps/framework/vendor/illuminate/pipeline/Pipeline.php(103): Illuminate\\Pipeline\\Pipeline->Illuminate\\Pipeline\\{closure}()
#5 /home/assane/dev-doc/web-apps/framework/vendor/illuminate/routing/Router.php(697): Illuminate\\Pipeline\\Pipeline->then()
#6 /home/assane/dev-doc/web-apps/framework/vendor/illuminate/routing/Router.php(672): Illuminate\\Routing\\Router->runRouteWithinStack()
#7 /home/assane/dev-doc/web-apps/framework/vendor/illuminate/routing/Router.php(636): Illuminate\\Routing\\Router->runRoute()
#8 /home/assane/dev-doc/web-apps/framework/vendor/illuminate/routing/Router.php(625): Illuminate\\Routing\\Router->dispatchToRoute()
#9 /home/assane/dev-doc/web-apps/bootstrap/src/Foundation/Http/Kernel.php(168): Illuminate\\Routing\\Router->dispatch()
#10 /home/assane/dev-doc/web-apps/framework/vendor/illuminate/pipeline/Pipeline.php(128): Boot\\Foundation\\Http\\Kernel->Boot\\Foundation\\Http\\{closure}()
#11 /home/assane/dev-doc/web-apps/bootstrap/src/Foundation/Http/Middleware/TransformsRequest.php(21): Illuminate\\Pipeline\\Pipeline->Illuminate\\Pipeline\\{closure}()
#12 /home/assane/dev-doc/web-apps/bootstrap/src/Foundation/Http/Middleware/ConvertEmptyStringsToNull.php(31): Boot\\Foundation\\Http\\Middleware\\TransformsRequest->handle()
#13 /home/assane/dev-doc/web-apps/framework/vendor/illuminate/pipeline/Pipeline.php(167): Boot\\Foundation\\Http\\Middleware\\ConvertEmptyStringsToNull->handle()
#14 /home/assane/dev-doc/web-apps/bootstrap/src/Foundation/Http/Middleware/TransformsRequest.php(21): Illuminate\\Pipeline\\Pipeline->Illuminate\\Pipeline\\{closure}()
#15 /home/assane/dev-doc/web-apps/bootstrap/src/Foundation/Http/Middleware/TrimStrings.php(40): Boot\\Foundation\\Http\\Middleware\\TransformsRequest->handle()
#16 /home/assane/dev-doc/web-apps/framework/vendor/illuminate/pipeline/Pipeline.php(167): Boot\\Foundation\\Http\\Middleware\\TrimStrings->handle()
#17 /home/assane/dev-doc/web-apps/bootstrap/src/Foundation/Http/Middleware/ValidatePostSize.php(27): Illuminate\\Pipeline\\Pipeline->Illuminate\\Pipeline\\{closure}()
#18 /home/assane/dev-doc/web-apps/framework/vendor/illuminate/pipeline/Pipeline.php(167): Boot\\Foundation\\Http\\Middleware\\ValidatePostSize->handle()
#19 /home/assane/dev-doc/web-apps/bootstrap/src/Foundation/Http/Middleware/PreventRequestsDuringMaintenance.php(86): Illuminate\\Pipeline\\Pipeline->Illuminate\\Pipeline\\{closure}()
#20 /home/assane/dev-doc/web-apps/framework/vendor/illuminate/pipeline/Pipeline.php(167): Boot\\Foundation\\Http\\Middleware\\PreventRequestsDuringMaintenance->handle()
#21 /home/assane/dev-doc/web-apps/framework/vendor/fruitcake/laravel-cors/src/HandleCors.php(38): Illuminate\\Pipeline\\Pipeline->Illuminate\\Pipeline\\{closure}()
#22 /home/assane/dev-doc/web-apps/framework/vendor/illuminate/pipeline/Pipeline.php(167): Fruitcake\\Cors\\HandleCors->handle()
#23 /home/assane/dev-doc/web-apps/framework/vendor/illuminate/http/Middleware/TrustProxies.php(39): Illuminate\\Pipeline\\Pipeline->Illuminate\\Pipeline\\{closure}()
#24 /home/assane/dev-doc/web-apps/framework/vendor/illuminate/pipeline/Pipeline.php(167): Illuminate\\Http\\Middleware\\TrustProxies->handle()
#25 /home/assane/dev-doc/web-apps/framework/vendor/illuminate/pipeline/Pipeline.php(103): Illuminate\\Pipeline\\Pipeline->Illuminate\\Pipeline\\{closure}()
#26 /home/assane/dev-doc/web-apps/bootstrap/src/Foundation/Http/Kernel.php(143): Illuminate\\Pipeline\\Pipeline->then()
#27 /home/assane/dev-doc/web-apps/bootstrap/src/Foundation/Http/Kernel.php(112): Boot\\Foundation\\Http\\Kernel->sendRequestThroughRouter()
#28 /home/assane/dev-doc/web-apps/framework/public/index.php(54): Boot\\Foundation\\Http\\Kernel->handle()
#29 {main}
"} 
[2021-10-02 20:42:23] local.ERROR: Target class [throttle] does not exist. {"exception":"[object] (Illuminate\\Contracts\\Container\\BindingResolutionException(code: 0): Target class [throttle] does not exist. at /home/assane/dev-doc/web-apps/framework/vendor/illuminate/container/Container.php:879)
[stacktrace]
#0 /home/assane/dev-doc/web-apps/framework/vendor/illuminate/container/Container.php(758): Illuminate\\Container\\Container->build()
#1 /home/assane/dev-doc/web-apps/framework/vendor/illuminate/container/Container.php(694): Illuminate\\Container\\Container->resolve()
#2 /home/assane/dev-doc/web-apps/bootstrap/src/Foundation/Http/Kernel.php(207): Illuminate\\Container\\Container->make()
#3 /home/assane/dev-doc/web-apps/bootstrap/src/Foundation/Http/Kernel.php(181): Boot\\Foundation\\Http\\Kernel->terminateMiddleware()
#4 /home/assane/dev-doc/web-apps/framework/public/index.php(57): Boot\\Foundation\\Http\\Kernel->terminate()
#5 {main}

[previous exception] [object] (ReflectionException(code: -1): Class throttle does not exist at /home/assane/dev-doc/web-apps/framework/vendor/illuminate/container/Container.php:877)
[stacktrace]
#0 /home/assane/dev-doc/web-apps/framework/vendor/illuminate/container/Container.php(877): ReflectionClass->__construct()
#1 /home/assane/dev-doc/web-apps/framework/vendor/illuminate/container/Container.php(758): Illuminate\\Container\\Container->build()
#2 /home/assane/dev-doc/web-apps/framework/vendor/illuminate/container/Container.php(694): Illuminate\\Container\\Container->resolve()
#3 /home/assane/dev-doc/web-apps/bootstrap/src/Foundation/Http/Kernel.php(207): Illuminate\\Container\\Container->make()
#4 /home/assane/dev-doc/web-apps/bootstrap/src/Foundation/Http/Kernel.php(181): Boot\\Foundation\\Http\\Kernel->terminateMiddleware()
#5 /home/assane/dev-doc/web-apps/framework/public/index.php(57): Boot\\Foundation\\Http\\Kernel->terminate()
#6 {main}
"} 
[2021-10-02 20:44:39] local.ERROR: Target class [cache.store] does not exist. {"exception":"[object] (Illuminate\\Contracts\\Container\\BindingResolutionException(code: 0): Target class [cache.store] does not exist. at /home/assane/dev-doc/web-apps/framework/vendor/illuminate/container/Container.php:879)
[stacktrace]
#0 /home/assane/dev-doc/web-apps/framework/vendor/illuminate/container/Container.php(758): Illuminate\\Container\\Container->build()
#1 /home/assane/dev-doc/web-apps/framework/vendor/illuminate/container/Container.php(694): Illuminate\\Container\\Container->resolve()
#2 /home/assane/dev-doc/web-apps/framework/vendor/illuminate/container/Container.php(1031): Illuminate\\Container\\Container->make()
#3 /home/assane/dev-doc/web-apps/framework/vendor/illuminate/container/Container.php(951): Illuminate\\Container\\Container->resolveClass()
#4 /home/assane/dev-doc/web-apps/framework/vendor/illuminate/container/Container.php(912): Illuminate\\Container\\Container->resolveDependencies()
#5 /home/assane/dev-doc/web-apps/framework/vendor/illuminate/container/Container.php(758): Illuminate\\Container\\Container->build()
#6 /home/assane/dev-doc/web-apps/framework/vendor/illuminate/container/Container.php(694): Illuminate\\Container\\Container->resolve()
#7 /home/assane/dev-doc/web-apps/framework/vendor/illuminate/container/Container.php(1423): Illuminate\\Container\\Container->make()
#8 /home/assane/dev-doc/web-apps/framework/vendor/illuminate/support/Facades/Facade.php(198): Illuminate\\Container\\Container->offsetGet()
#9 /home/assane/dev-doc/web-apps/framework/vendor/illuminate/support/Facades/Facade.php(166): Illuminate\\Support\\Facades\\Facade::resolveFacadeInstance()
#10 /home/assane/dev-doc/web-apps/framework/vendor/illuminate/support/Facades/Facade.php(255): Illuminate\\Support\\Facades\\Facade::getFacadeRoot()
#11 /home/assane/dev-doc/web-apps/framework/src/app/Providers/RouteServiceProvider.php(61): Illuminate\\Support\\Facades\\Facade::__callStatic()
#12 /home/assane/dev-doc/web-apps/framework/src/app/Providers/RouteServiceProvider.php(38): App\\Providers\\RouteServiceProvider->configureRateLimiting()
#13 /home/assane/dev-doc/web-apps/framework/vendor/illuminate/container/BoundMethod.php(36): App\\Providers\\RouteServiceProvider->boot()
#14 /home/assane/dev-doc/web-apps/framework/vendor/illuminate/container/Util.php(40): Illuminate\\Container\\BoundMethod::Illuminate\\Container\\{closure}()
#15 /home/assane/dev-doc/web-apps/framework/vendor/illuminate/container/BoundMethod.php(93): Illuminate\\Container\\Util::unwrapIfClosure()
#16 /home/assane/dev-doc/web-apps/framework/vendor/illuminate/container/BoundMethod.php(37): Illuminate\\Container\\BoundMethod::callBoundMethod()
#17 /home/assane/dev-doc/web-apps/framework/vendor/illuminate/container/Container.php(653): Illuminate\\Container\\BoundMethod::call()
#18 /home/assane/dev-doc/web-apps/bootstrap/src/Foundation/App.php(762): Illuminate\\Container\\Container->call()
#19 /home/assane/dev-doc/web-apps/bootstrap/src/Foundation/App.php(704): Boot\\Foundation\\App->bootProvider()
#20 [internal function]: Boot\\Foundation\\App->Boot\\Foundation\\{closure}()
#21 /home/assane/dev-doc/web-apps/bootstrap/src/Foundation/App.php(705): array_walk()
#22 /home/assane/dev-doc/web-apps/bootstrap/src/Foundation/Bootstrap/BootProviders.php(17): Boot\\Foundation\\App->boot()
#23 /home/assane/dev-doc/web-apps/bootstrap/src/Foundation/App.php(241): Boot\\Foundation\\Bootstrap\\BootProviders->bootstrap()
#24 /home/assane/dev-doc/web-apps/bootstrap/src/Foundation/Http/Kernel.php(154): Boot\\Foundation\\App->bootstrapWith()
#25 /home/assane/dev-doc/web-apps/bootstrap/src/Foundation/Http/Kernel.php(138): Boot\\Foundation\\Http\\Kernel->bootstrap()
#26 /home/assane/dev-doc/web-apps/bootstrap/src/Foundation/Http/Kernel.php(112): Boot\\Foundation\\Http\\Kernel->sendRequestThroughRouter()
#27 /home/assane/dev-doc/web-apps/framework/public/index.php(54): Boot\\Foundation\\Http\\Kernel->handle()
#28 {main}

[previous exception] [object] (ReflectionException(code: -1): Class cache.store does not exist at /home/assane/dev-doc/web-apps/framework/vendor/illuminate/container/Container.php:877)
[stacktrace]
#0 /home/assane/dev-doc/web-apps/framework/vendor/illuminate/container/Container.php(877): ReflectionClass->__construct()
#1 /home/assane/dev-doc/web-apps/framework/vendor/illuminate/container/Container.php(758): Illuminate\\Container\\Container->build()
#2 /home/assane/dev-doc/web-apps/framework/vendor/illuminate/container/Container.php(694): Illuminate\\Container\\Container->resolve()
#3 /home/assane/dev-doc/web-apps/framework/vendor/illuminate/container/Container.php(1031): Illuminate\\Container\\Container->make()
#4 /home/assane/dev-doc/web-apps/framework/vendor/illuminate/container/Container.php(951): Illuminate\\Container\\Container->resolveClass()
#5 /home/assane/dev-doc/web-apps/framework/vendor/illuminate/container/Container.php(912): Illuminate\\Container\\Container->resolveDependencies()
#6 /home/assane/dev-doc/web-apps/framework/vendor/illuminate/container/Container.php(758): Illuminate\\Container\\Container->build()
#7 /home/assane/dev-doc/web-apps/framework/vendor/illuminate/container/Container.php(694): Illuminate\\Container\\Container->resolve()
#8 /home/assane/dev-doc/web-apps/framework/vendor/illuminate/container/Container.php(1423): Illuminate\\Container\\Container->make()
#9 /home/assane/dev-doc/web-apps/framework/vendor/illuminate/support/Facades/Facade.php(198): Illuminate\\Container\\Container->offsetGet()
#10 /home/assane/dev-doc/web-apps/framework/vendor/illuminate/support/Facades/Facade.php(166): Illuminate\\Support\\Facades\\Facade::resolveFacadeInstance()
#11 /home/assane/dev-doc/web-apps/framework/vendor/illuminate/support/Facades/Facade.php(255): Illuminate\\Support\\Facades\\Facade::getFacadeRoot()
#12 /home/assane/dev-doc/web-apps/framework/src/app/Providers/RouteServiceProvider.php(61): Illuminate\\Support\\Facades\\Facade::__callStatic()
#13 /home/assane/dev-doc/web-apps/framework/src/app/Providers/RouteServiceProvider.php(38): App\\Providers\\RouteServiceProvider->configureRateLimiting()
#14 /home/assane/dev-doc/web-apps/framework/vendor/illuminate/container/BoundMethod.php(36): App\\Providers\\RouteServiceProvider->boot()
#15 /home/assane/dev-doc/web-apps/framework/vendor/illuminate/container/Util.php(40): Illuminate\\Container\\BoundMethod::Illuminate\\Container\\{closure}()
#16 /home/assane/dev-doc/web-apps/framework/vendor/illuminate/container/BoundMethod.php(93): Illuminate\\Container\\Util::unwrapIfClosure()
#17 /home/assane/dev-doc/web-apps/framework/vendor/illuminate/container/BoundMethod.php(37): Illuminate\\Container\\BoundMethod::callBoundMethod()
#18 /home/assane/dev-doc/web-apps/framework/vendor/illuminate/container/Container.php(653): Illuminate\\Container\\BoundMethod::call()
#19 /home/assane/dev-doc/web-apps/bootstrap/src/Foundation/App.php(762): Illuminate\\Container\\Container->call()
#20 /home/assane/dev-doc/web-apps/bootstrap/src/Foundation/App.php(704): Boot\\Foundation\\App->bootProvider()
#21 [internal function]: Boot\\Foundation\\App->Boot\\Foundation\\{closure}()
#22 /home/assane/dev-doc/web-apps/bootstrap/src/Foundation/App.php(705): array_walk()
#23 /home/assane/dev-doc/web-apps/bootstrap/src/Foundation/Bootstrap/BootProviders.php(17): Boot\\Foundation\\App->boot()
#24 /home/assane/dev-doc/web-apps/bootstrap/src/Foundation/App.php(241): Boot\\Foundation\\Bootstrap\\BootProviders->bootstrap()
#25 /home/assane/dev-doc/web-apps/bootstrap/src/Foundation/Http/Kernel.php(154): Boot\\Foundation\\App->bootstrapWith()
#26 /home/assane/dev-doc/web-apps/bootstrap/src/Foundation/Http/Kernel.php(138): Boot\\Foundation\\Http\\Kernel->bootstrap()
#27 /home/assane/dev-doc/web-apps/bootstrap/src/Foundation/Http/Kernel.php(112): Boot\\Foundation\\Http\\Kernel->sendRequestThroughRouter()
#28 /home/assane/dev-doc/web-apps/framework/public/index.php(54): Boot\\Foundation\\Http\\Kernel->handle()
#29 {main}
"} 
[2021-10-02 20:49:00] local.ERROR: Target class [cache.store] does not exist. {"exception":"[object] (Illuminate\\Contracts\\Container\\BindingResolutionException(code: 0): Target class [cache.store] does not exist. at /home/assane/dev-doc/web-apps/framework/vendor/illuminate/container/Container.php:879)
[stacktrace]
#0 /home/assane/dev-doc/web-apps/framework/vendor/illuminate/container/Container.php(758): Illuminate\\Container\\Container->build()
#1 /home/assane/dev-doc/web-apps/framework/vendor/illuminate/container/Container.php(694): Illuminate\\Container\\Container->resolve()
#2 /home/assane/dev-doc/web-apps/framework/vendor/illuminate/container/Container.php(1031): Illuminate\\Container\\Container->make()
#3 /home/assane/dev-doc/web-apps/framework/vendor/illuminate/container/Container.php(951): Illuminate\\Container\\Container->resolveClass()
#4 /home/assane/dev-doc/web-apps/framework/vendor/illuminate/container/Container.php(912): Illuminate\\Container\\Container->resolveDependencies()
#5 /home/assane/dev-doc/web-apps/framework/vendor/illuminate/container/Container.php(758): Illuminate\\Container\\Container->build()
#6 /home/assane/dev-doc/web-apps/framework/vendor/illuminate/container/Container.php(694): Illuminate\\Container\\Container->resolve()
#7 /home/assane/dev-doc/web-apps/framework/vendor/illuminate/container/Container.php(1423): Illuminate\\Container\\Container->make()
#8 /home/assane/dev-doc/web-apps/framework/vendor/illuminate/support/Facades/Facade.php(198): Illuminate\\Container\\Container->offsetGet()
#9 /home/assane/dev-doc/web-apps/framework/vendor/illuminate/support/Facades/Facade.php(166): Illuminate\\Support\\Facades\\Facade::resolveFacadeInstance()
#10 /home/assane/dev-doc/web-apps/framework/vendor/illuminate/support/Facades/Facade.php(255): Illuminate\\Support\\Facades\\Facade::getFacadeRoot()
#11 /home/assane/dev-doc/web-apps/framework/src/app/Providers/RouteServiceProvider.php(61): Illuminate\\Support\\Facades\\Facade::__callStatic()
#12 /home/assane/dev-doc/web-apps/framework/src/app/Providers/RouteServiceProvider.php(38): App\\Providers\\RouteServiceProvider->configureRateLimiting()
#13 /home/assane/dev-doc/web-apps/framework/vendor/illuminate/container/BoundMethod.php(36): App\\Providers\\RouteServiceProvider->boot()
#14 /home/assane/dev-doc/web-apps/framework/vendor/illuminate/container/Util.php(40): Illuminate\\Container\\BoundMethod::Illuminate\\Container\\{closure}()
#15 /home/assane/dev-doc/web-apps/framework/vendor/illuminate/container/BoundMethod.php(93): Illuminate\\Container\\Util::unwrapIfClosure()
#16 /home/assane/dev-doc/web-apps/framework/vendor/illuminate/container/BoundMethod.php(37): Illuminate\\Container\\BoundMethod::callBoundMethod()
#17 /home/assane/dev-doc/web-apps/framework/vendor/illuminate/container/Container.php(653): Illuminate\\Container\\BoundMethod::call()
#18 /home/assane/dev-doc/web-apps/bootstrap/src/Foundation/App.php(762): Illuminate\\Container\\Container->call()
#19 /home/assane/dev-doc/web-apps/bootstrap/src/Foundation/App.php(704): Boot\\Foundation\\App->bootProvider()
#20 [internal function]: Boot\\Foundation\\App->Boot\\Foundation\\{closure}()
#21 /home/assane/dev-doc/web-apps/bootstrap/src/Foundation/App.php(705): array_walk()
#22 /home/assane/dev-doc/web-apps/bootstrap/src/Foundation/Bootstrap/BootProviders.php(17): Boot\\Foundation\\App->boot()
#23 /home/assane/dev-doc/web-apps/bootstrap/src/Foundation/App.php(241): Boot\\Foundation\\Bootstrap\\BootProviders->bootstrap()
#24 /home/assane/dev-doc/web-apps/bootstrap/src/Foundation/Http/Kernel.php(154): Boot\\Foundation\\App->bootstrapWith()
#25 /home/assane/dev-doc/web-apps/bootstrap/src/Foundation/Http/Kernel.php(138): Boot\\Foundation\\Http\\Kernel->bootstrap()
#26 /home/assane/dev-doc/web-apps/bootstrap/src/Foundation/Http/Kernel.php(112): Boot\\Foundation\\Http\\Kernel->sendRequestThroughRouter()
#27 /home/assane/dev-doc/web-apps/framework/public/index.php(54): Boot\\Foundation\\Http\\Kernel->handle()
#28 {main}

[previous exception] [object] (ReflectionException(code: -1): Class cache.store does not exist at /home/assane/dev-doc/web-apps/framework/vendor/illuminate/container/Container.php:877)
[stacktrace]
#0 /home/assane/dev-doc/web-apps/framework/vendor/illuminate/container/Container.php(877): ReflectionClass->__construct()
#1 /home/assane/dev-doc/web-apps/framework/vendor/illuminate/container/Container.php(758): Illuminate\\Container\\Container->build()
#2 /home/assane/dev-doc/web-apps/framework/vendor/illuminate/container/Container.php(694): Illuminate\\Container\\Container->resolve()
#3 /home/assane/dev-doc/web-apps/framework/vendor/illuminate/container/Container.php(1031): Illuminate\\Container\\Container->make()
#4 /home/assane/dev-doc/web-apps/framework/vendor/illuminate/container/Container.php(951): Illuminate\\Container\\Container->resolveClass()
#5 /home/assane/dev-doc/web-apps/framework/vendor/illuminate/container/Container.php(912): Illuminate\\Container\\Container->resolveDependencies()
#6 /home/assane/dev-doc/web-apps/framework/vendor/illuminate/container/Container.php(758): Illuminate\\Container\\Container->build()
#7 /home/assane/dev-doc/web-apps/framework/vendor/illuminate/container/Container.php(694): Illuminate\\Container\\Container->resolve()
#8 /home/assane/dev-doc/web-apps/framework/vendor/illuminate/container/Container.php(1423): Illuminate\\Container\\Container->make()
#9 /home/assane/dev-doc/web-apps/framework/vendor/illuminate/support/Facades/Facade.php(198): Illuminate\\Container\\Container->offsetGet()
#10 /home/assane/dev-doc/web-apps/framework/vendor/illuminate/support/Facades/Facade.php(166): Illuminate\\Support\\Facades\\Facade::resolveFacadeInstance()
#11 /home/assane/dev-doc/web-apps/framework/vendor/illuminate/support/Facades/Facade.php(255): Illuminate\\Support\\Facades\\Facade::getFacadeRoot()
#12 /home/assane/dev-doc/web-apps/framework/src/app/Providers/RouteServiceProvider.php(61): Illuminate\\Support\\Facades\\Facade::__callStatic()
#13 /home/assane/dev-doc/web-apps/framework/src/app/Providers/RouteServiceProvider.php(38): App\\Providers\\RouteServiceProvider->configureRateLimiting()
#14 /home/assane/dev-doc/web-apps/framework/vendor/illuminate/container/BoundMethod.php(36): App\\Providers\\RouteServiceProvider->boot()
#15 /home/assane/dev-doc/web-apps/framework/vendor/illuminate/container/Util.php(40): Illuminate\\Container\\BoundMethod::Illuminate\\Container\\{closure}()
#16 /home/assane/dev-doc/web-apps/framework/vendor/illuminate/container/BoundMethod.php(93): Illuminate\\Container\\Util::unwrapIfClosure()
#17 /home/assane/dev-doc/web-apps/framework/vendor/illuminate/container/BoundMethod.php(37): Illuminate\\Container\\BoundMethod::callBoundMethod()
#18 /home/assane/dev-doc/web-apps/framework/vendor/illuminate/container/Container.php(653): Illuminate\\Container\\BoundMethod::call()
#19 /home/assane/dev-doc/web-apps/bootstrap/src/Foundation/App.php(762): Illuminate\\Container\\Container->call()
#20 /home/assane/dev-doc/web-apps/bootstrap/src/Foundation/App.php(704): Boot\\Foundation\\App->bootProvider()
#21 [internal function]: Boot\\Foundation\\App->Boot\\Foundation\\{closure}()
#22 /home/assane/dev-doc/web-apps/bootstrap/src/Foundation/App.php(705): array_walk()
#23 /home/assane/dev-doc/web-apps/bootstrap/src/Foundation/Bootstrap/BootProviders.php(17): Boot\\Foundation\\App->boot()
#24 /home/assane/dev-doc/web-apps/bootstrap/src/Foundation/App.php(241): Boot\\Foundation\\Bootstrap\\BootProviders->bootstrap()
#25 /home/assane/dev-doc/web-apps/bootstrap/src/Foundation/Http/Kernel.php(154): Boot\\Foundation\\App->bootstrapWith()
#26 /home/assane/dev-doc/web-apps/bootstrap/src/Foundation/Http/Kernel.php(138): Boot\\Foundation\\Http\\Kernel->bootstrap()
#27 /home/assane/dev-doc/web-apps/bootstrap/src/Foundation/Http/Kernel.php(112): Boot\\Foundation\\Http\\Kernel->sendRequestThroughRouter()
#28 /home/assane/dev-doc/web-apps/framework/public/index.php(54): Boot\\Foundation\\Http\\Kernel->handle()
#29 {main}
"} 
[2021-10-02 20:49:51] local.ERROR: Target class [cache.store] does not exist. {"exception":"[object] (Illuminate\\Contracts\\Container\\BindingResolutionException(code: 0): Target class [cache.store] does not exist. at /home/assane/dev-doc/web-apps/framework/vendor/illuminate/container/Container.php:879)
[stacktrace]
#0 /home/assane/dev-doc/web-apps/framework/vendor/illuminate/container/Container.php(758): Illuminate\\Container\\Container->build()
#1 /home/assane/dev-doc/web-apps/framework/vendor/illuminate/container/Container.php(694): Illuminate\\Container\\Container->resolve()
#2 /home/assane/dev-doc/web-apps/framework/vendor/illuminate/container/Container.php(1031): Illuminate\\Container\\Container->make()
#3 /home/assane/dev-doc/web-apps/framework/vendor/illuminate/container/Container.php(951): Illuminate\\Container\\Container->resolveClass()
#4 /home/assane/dev-doc/web-apps/framework/vendor/illuminate/container/Container.php(912): Illuminate\\Container\\Container->resolveDependencies()
#5 /home/assane/dev-doc/web-apps/framework/vendor/illuminate/container/Container.php(758): Illuminate\\Container\\Container->build()
#6 /home/assane/dev-doc/web-apps/framework/vendor/illuminate/container/Container.php(694): Illuminate\\Container\\Container->resolve()
#7 /home/assane/dev-doc/web-apps/framework/vendor/illuminate/container/Container.php(1423): Illuminate\\Container\\Container->make()
#8 /home/assane/dev-doc/web-apps/framework/vendor/illuminate/support/Facades/Facade.php(198): Illuminate\\Container\\Container->offsetGet()
#9 /home/assane/dev-doc/web-apps/framework/vendor/illuminate/support/Facades/Facade.php(166): Illuminate\\Support\\Facades\\Facade::resolveFacadeInstance()
#10 /home/assane/dev-doc/web-apps/framework/vendor/illuminate/support/Facades/Facade.php(255): Illuminate\\Support\\Facades\\Facade::getFacadeRoot()
#11 /home/assane/dev-doc/web-apps/framework/src/app/Providers/RouteServiceProvider.php(61): Illuminate\\Support\\Facades\\Facade::__callStatic()
#12 /home/assane/dev-doc/web-apps/framework/src/app/Providers/RouteServiceProvider.php(38): App\\Providers\\RouteServiceProvider->configureRateLimiting()
#13 /home/assane/dev-doc/web-apps/framework/vendor/illuminate/container/BoundMethod.php(36): App\\Providers\\RouteServiceProvider->boot()
#14 /home/assane/dev-doc/web-apps/framework/vendor/illuminate/container/Util.php(40): Illuminate\\Container\\BoundMethod::Illuminate\\Container\\{closure}()
#15 /home/assane/dev-doc/web-apps/framework/vendor/illuminate/container/BoundMethod.php(93): Illuminate\\Container\\Util::unwrapIfClosure()
#16 /home/assane/dev-doc/web-apps/framework/vendor/illuminate/container/BoundMethod.php(37): Illuminate\\Container\\BoundMethod::callBoundMethod()
#17 /home/assane/dev-doc/web-apps/framework/vendor/illuminate/container/Container.php(653): Illuminate\\Container\\BoundMethod::call()
#18 /home/assane/dev-doc/web-apps/bootstrap/src/Foundation/App.php(762): Illuminate\\Container\\Container->call()
#19 /home/assane/dev-doc/web-apps/bootstrap/src/Foundation/App.php(704): Boot\\Foundation\\App->bootProvider()
#20 [internal function]: Boot\\Foundation\\App->Boot\\Foundation\\{closure}()
#21 /home/assane/dev-doc/web-apps/bootstrap/src/Foundation/App.php(705): array_walk()
#22 /home/assane/dev-doc/web-apps/bootstrap/src/Foundation/Bootstrap/BootProviders.php(17): Boot\\Foundation\\App->boot()
#23 /home/assane/dev-doc/web-apps/bootstrap/src/Foundation/App.php(241): Boot\\Foundation\\Bootstrap\\BootProviders->bootstrap()
#24 /home/assane/dev-doc/web-apps/bootstrap/src/Foundation/Http/Kernel.php(154): Boot\\Foundation\\App->bootstrapWith()
#25 /home/assane/dev-doc/web-apps/bootstrap/src/Foundation/Http/Kernel.php(138): Boot\\Foundation\\Http\\Kernel->bootstrap()
#26 /home/assane/dev-doc/web-apps/bootstrap/src/Foundation/Http/Kernel.php(112): Boot\\Foundation\\Http\\Kernel->sendRequestThroughRouter()
#27 /home/assane/dev-doc/web-apps/framework/public/index.php(54): Boot\\Foundation\\Http\\Kernel->handle()
#28 {main}

[previous exception] [object] (ReflectionException(code: -1): Class cache.store does not exist at /home/assane/dev-doc/web-apps/framework/vendor/illuminate/container/Container.php:877)
[stacktrace]
#0 /home/assane/dev-doc/web-apps/framework/vendor/illuminate/container/Container.php(877): ReflectionClass->__construct()
#1 /home/assane/dev-doc/web-apps/framework/vendor/illuminate/container/Container.php(758): Illuminate\\Container\\Container->build()
#2 /home/assane/dev-doc/web-apps/framework/vendor/illuminate/container/Container.php(694): Illuminate\\Container\\Container->resolve()
#3 /home/assane/dev-doc/web-apps/framework/vendor/illuminate/container/Container.php(1031): Illuminate\\Container\\Container->make()
#4 /home/assane/dev-doc/web-apps/framework/vendor/illuminate/container/Container.php(951): Illuminate\\Container\\Container->resolveClass()
#5 /home/assane/dev-doc/web-apps/framework/vendor/illuminate/container/Container.php(912): Illuminate\\Container\\Container->resolveDependencies()
#6 /home/assane/dev-doc/web-apps/framework/vendor/illuminate/container/Container.php(758): Illuminate\\Container\\Container->build()
#7 /home/assane/dev-doc/web-apps/framework/vendor/illuminate/container/Container.php(694): Illuminate\\Container\\Container->resolve()
#8 /home/assane/dev-doc/web-apps/framework/vendor/illuminate/container/Container.php(1423): Illuminate\\Container\\Container->make()
#9 /home/assane/dev-doc/web-apps/framework/vendor/illuminate/support/Facades/Facade.php(198): Illuminate\\Container\\Container->offsetGet()
#10 /home/assane/dev-doc/web-apps/framework/vendor/illuminate/support/Facades/Facade.php(166): Illuminate\\Support\\Facades\\Facade::resolveFacadeInstance()
#11 /home/assane/dev-doc/web-apps/framework/vendor/illuminate/support/Facades/Facade.php(255): Illuminate\\Support\\Facades\\Facade::getFacadeRoot()
#12 /home/assane/dev-doc/web-apps/framework/src/app/Providers/RouteServiceProvider.php(61): Illuminate\\Support\\Facades\\Facade::__callStatic()
#13 /home/assane/dev-doc/web-apps/framework/src/app/Providers/RouteServiceProvider.php(38): App\\Providers\\RouteServiceProvider->configureRateLimiting()
#14 /home/assane/dev-doc/web-apps/framework/vendor/illuminate/container/BoundMethod.php(36): App\\Providers\\RouteServiceProvider->boot()
#15 /home/assane/dev-doc/web-apps/framework/vendor/illuminate/container/Util.php(40): Illuminate\\Container\\BoundMethod::Illuminate\\Container\\{closure}()
#16 /home/assane/dev-doc/web-apps/framework/vendor/illuminate/container/BoundMethod.php(93): Illuminate\\Container\\Util::unwrapIfClosure()
#17 /home/assane/dev-doc/web-apps/framework/vendor/illuminate/container/BoundMethod.php(37): Illuminate\\Container\\BoundMethod::callBoundMethod()
#18 /home/assane/dev-doc/web-apps/framework/vendor/illuminate/container/Container.php(653): Illuminate\\Container\\BoundMethod::call()
#19 /home/assane/dev-doc/web-apps/bootstrap/src/Foundation/App.php(762): Illuminate\\Container\\Container->call()
#20 /home/assane/dev-doc/web-apps/bootstrap/src/Foundation/App.php(704): Boot\\Foundation\\App->bootProvider()
#21 [internal function]: Boot\\Foundation\\App->Boot\\Foundation\\{closure}()
#22 /home/assane/dev-doc/web-apps/bootstrap/src/Foundation/App.php(705): array_walk()
#23 /home/assane/dev-doc/web-apps/bootstrap/src/Foundation/Bootstrap/BootProviders.php(17): Boot\\Foundation\\App->boot()
#24 /home/assane/dev-doc/web-apps/bootstrap/src/Foundation/App.php(241): Boot\\Foundation\\Bootstrap\\BootProviders->bootstrap()
#25 /home/assane/dev-doc/web-apps/bootstrap/src/Foundation/Http/Kernel.php(154): Boot\\Foundation\\App->bootstrapWith()
#26 /home/assane/dev-doc/web-apps/bootstrap/src/Foundation/Http/Kernel.php(138): Boot\\Foundation\\Http\\Kernel->bootstrap()
#27 /home/assane/dev-doc/web-apps/bootstrap/src/Foundation/Http/Kernel.php(112): Boot\\Foundation\\Http\\Kernel->sendRequestThroughRouter()
#28 /home/assane/dev-doc/web-apps/framework/public/index.php(54): Boot\\Foundation\\Http\\Kernel->handle()
#29 {main}
"} 
[2021-10-02 21:07:03] local.ERROR: Argument 1 passed to Illuminate\Console\Application::__construct() must implement interface Illuminate\Contracts\Container\Container, string given, called in /home/assane/dev-doc/web-apps/bootstrap/src/Console.php on line 15 {"exception":"[object] (TypeError(code: 0): Argument 1 passed to Illuminate\\Console\\Application::__construct() must implement interface Illuminate\\Contracts\\Container\\Container, string given, called in /home/assane/dev-doc/web-apps/bootstrap/src/Console.php on line 15 at /home/assane/dev-doc/web-apps/framework/vendor/illuminate/console/Application.php:63)
[stacktrace]
#0 /home/assane/dev-doc/web-apps/bootstrap/src/Console.php(15): Illuminate\\Console\\Application->__construct()
#1 /home/assane/dev-doc/web-apps/bootstrap/src/Foundation/Console/Kernel.php(331): Boot\\Console->__construct()
#2 /home/assane/dev-doc/web-apps/bootstrap/src/Foundation/Console/Kernel.php(129): Boot\\Foundation\\Console\\Kernel->getArtisan()
#3 /home/assane/dev-doc/web-apps/framework/console(37): Boot\\Foundation\\Console\\Kernel->handle()
#4 {main}
"} 
